30.10.2024, 17:37:04 - ERROR - Cannot remove toy | TypeError [ERR_INVALID_ARG_TYPE]: The "data" argument must be of type string or an instance of Buffer, TypedArray, or DataView. Received undefined
30.10.2024, 17:37:24 - ERROR - Cannot remove toy | TypeError [ERR_INVALID_ARG_TYPE]: The "data" argument must be of type string or an instance of Buffer, TypedArray, or DataView. Received undefined
30.10.2024, 17:38:04 - ERROR - Cannot remove toy | TypeError [ERR_INVALID_ARG_TYPE]: The "data" argument must be of type string or an instance of Buffer, TypedArray, or DataView. Received undefined
30.10.2024, 17:39:05 - ERROR - Cannot remove toy | toy not fount
4.11.2024, 17:21:14 - INFO - server.js loaded...
4.11.2024, 17:21:14 - INFO - Server is running on port: 3030
4.11.2024, 17:21:18 - INFO - Req was made | /
4.11.2024, 17:21:18 - ERROR - Failed to get toys | TypeError: Cannot read properties of undefined (reading 'length')
4.11.2024, 17:22:15 - INFO - server.js loaded...
4.11.2024, 17:22:15 - INFO - Server is running on port: 3030
4.11.2024, 17:22:17 - INFO - Req was made | /
4.11.2024, 17:22:17 - ERROR - Failed to get toys | TypeError: Cannot read properties of undefined (reading 'length')
4.11.2024, 17:23:42 - INFO - server.js loaded...
4.11.2024, 17:23:42 - INFO - Server is running on port: 3030
4.11.2024, 17:23:44 - INFO - Req was made | /
4.11.2024, 17:23:44 - ERROR - Failed to get toys | ReferenceError: toys is not defined
4.11.2024, 17:23:44 - ERROR - Cannot get toys | ReferenceError: toys is not defined
4.11.2024, 17:24:43 - INFO - server.js loaded...
4.11.2024, 17:24:43 - INFO - Server is running on port: 3030
4.11.2024, 17:24:47 - INFO - server.js loaded...
4.11.2024, 17:24:47 - INFO - Server is running on port: 3030
4.11.2024, 17:24:50 - INFO - Req was made | /
4.11.2024, 17:24:50 - ERROR - Failed to get toys | TypeError: Converting circular structure to JSON
    --> starting at object with constructor 'MongoClient'
    |     property 's' -> object with constructor 'Object'
    |     property 'sessionPool' -> object with constructor 'ServerSessionPool'
    --- property 'client' closes the circle
4.11.2024, 17:35:21 - INFO - server.js loaded...
4.11.2024, 17:35:21 - INFO - Server is running on port: 3030
4.11.2024, 17:36:11 - INFO - server.js loaded...
4.11.2024, 17:36:11 - INFO - Server is running on port: 3030
4.11.2024, 17:36:13 - INFO - Req was made | /
4.11.2024, 17:36:14 - ERROR - Failed to get toys | TypeError: Converting circular structure to JSON
    --> starting at object with constructor 'MongoClient'
    |     property 's' -> object with constructor 'Object'
    |     property 'sessionPool' -> object with constructor 'ServerSessionPool'
    --- property 'client' closes the circle
4.11.2024, 17:36:56 - INFO - server.js loaded...
4.11.2024, 17:36:56 - INFO - Server is running on port: 3030
4.11.2024, 17:37:08 - INFO - server.js loaded...
4.11.2024, 17:37:08 - INFO - Server is running on port: 3030
4.11.2024, 17:37:14 - INFO - Req was made | /
4.11.2024, 17:37:14 - ERROR - Failed to get toys | TypeError: Converting circular structure to JSON
    --> starting at object with constructor 'MongoClient'
    |     property 's' -> object with constructor 'Object'
    |     property 'sessionPool' -> object with constructor 'ServerSessionPool'
    --- property 'client' closes the circle
4.11.2024, 17:38:01 - INFO - server.js loaded...
4.11.2024, 17:38:01 - INFO - Server is running on port: 3030
4.11.2024, 17:38:03 - INFO - Req was made | /
4.11.2024, 17:38:03 - ERROR - Cannot get toys | MongoServerError: $and argument must be a non-empty array
4.11.2024, 17:38:03 - ERROR - Failed to get toys | MongoServerError: $and argument must be a non-empty array
4.11.2024, 17:38:45 - INFO - server.js loaded...
4.11.2024, 17:38:45 - INFO - Server is running on port: 3030
4.11.2024, 17:38:48 - INFO - Req was made | /
4.11.2024, 17:42:13 - INFO - server.js loaded...
4.11.2024, 17:42:13 - INFO - Server is running on port: 3030
4.11.2024, 17:42:15 - INFO - Req was made | /
4.11.2024, 17:46:37 - INFO - server.js loaded...
4.11.2024, 17:46:38 - INFO - Server is running on port: 3030
4.11.2024, 17:46:46 - INFO - server.js loaded...
4.11.2024, 17:46:46 - INFO - Server is running on port: 3030
4.11.2024, 17:47:47 - INFO - server.js loaded...
4.11.2024, 17:47:47 - INFO - Server is running on port: 3030
4.11.2024, 17:47:54 - INFO - server.js loaded...
4.11.2024, 17:47:54 - INFO - Server is running on port: 3030
4.11.2024, 17:48:19 - INFO - server.js loaded...
4.11.2024, 17:48:20 - INFO - Server is running on port: 3030
4.11.2024, 17:48:44 - INFO - server.js loaded...
4.11.2024, 17:48:44 - INFO - Server is running on port: 3030
4.11.2024, 17:51:02 - INFO - server.js loaded...
4.11.2024, 17:51:02 - INFO - Server is running on port: 3030
4.11.2024, 17:52:00 - DEBUG - auth.service - signup with username: pumlaija, fullname: Pula Ja
4.11.2024, 17:52:00 - DEBUG - auth.route - new account created: {"username":"pumlaija","password":"$2b$10$UeDYGac1xi9qYPs4ZjBFROeoMAhnhmwzfGOCUwnovrMcI7xNML/cW","fullname":"Pula Ja","score":0,"_id":"6728eda0c516e4bc7b7ff469"}
4.11.2024, 17:52:00 - DEBUG - auth.service - login with username: pumlaija
4.11.2024, 17:54:38 - DEBUG - auth.service - signup with username: pumlaija, fullname: Pula Ja
4.11.2024, 17:54:38 - DEBUG - auth.route - new account created: {"username":"pumlaija","password":"$2b$10$NDZ.9FhBeElBOdLvg.ppZe6TympGujQtDHaGxvMPnUXFk.l7EY3I6","fullname":"Pula Ja","score":0,"_id":"6728ee3ec516e4bc7b7ff46a"}
4.11.2024, 17:54:38 - DEBUG - auth.service - login with username: pumlaija
4.11.2024, 17:55:30 - DEBUG - auth.service - signup with username: admin, fullname: Admin
4.11.2024, 17:55:30 - DEBUG - auth.service - login with username: admin
4.11.2024, 17:55:30 - DEBUG - auth.route - new account created: {"username":"admin","password":"$2b$10$l9rOHp6640hJoANqI2hpBOGmdcGu2Nf4cyPZUC1QK56JUK0nR3ztu","fullname":"Admin","score":0,"_id":"6728ee72c516e4bc7b7ff46b"}
4.11.2024, 17:56:00 - DEBUG - auth.service - signup with username: admin, fullname: Admin
4.11.2024, 17:56:00 - DEBUG - auth.service - login with username: admin
4.11.2024, 17:56:00 - DEBUG - auth.route - new account created: {"username":"admin","password":"$2b$10$R8NcNRbT.YBT0HL0ZmM33u.zUJZxHZe0OyzgW9U6XTt48OiCxJDRq","fullname":"Admin","score":0,"_id":"6728ee90c516e4bc7b7ff46c"}
4.11.2024, 17:56:25 - DEBUG - auth.service - login with username: pumlaija
4.11.2024, 17:56:25 - INFO - User login:  | {"_id":"6728ee3ec516e4bc7b7ff46a","username":"pumlaija","fullname":"Pula Ja","score":0}
4.11.2024, 17:56:45 - DEBUG - auth.service - login with username: pumlaija
4.11.2024, 17:56:45 - INFO - User login:  | {"_id":"6728ee3ec516e4bc7b7ff46a","username":"pumlaija","fullname":"Pula Ja","score":0}
4.11.2024, 18:46:43 - DEBUG - auth.service - login with username: 
4.11.2024, 18:46:43 - ERROR - Failed to Login Error: Invalid username or password
4.11.2024, 19:03:34 - DEBUG - auth.service - login with username: admin
4.11.2024, 19:03:34 - INFO - User login:  | {"_id":"6728ee90c516e4bc7b7ff46c","username":"admin","fullname":"Admin","score":0}
4.11.2024, 19:25:49 - DEBUG - auth.service - login with username: admin
4.11.2024, 19:25:49 - INFO - User login:  | {"_id":"6728ee90c516e4bc7b7ff46c","username":"admin","fullname":"Admin","score":0}
4.11.2024, 19:30:12 - DEBUG - auth.service - login with username: admin
4.11.2024, 19:30:12 - INFO - User login:  | {"_id":"6728ee90c516e4bc7b7ff46c","username":"admin","fullname":"Admin","score":0}
4.11.2024, 19:30:51 - DEBUG - auth.service - login with username: admin
4.11.2024, 19:30:52 - INFO - User login:  | {"_id":"6728ee90c516e4bc7b7ff46c","username":"admin","fullname":"Admin","score":0}
4.11.2024, 19:34:36 - INFO - Req was made | /
4.11.2024, 19:34:36 - INFO - Req was made | /
4.11.2024, 19:34:36 - INFO - Req was made | /
4.11.2024, 19:42:53 - INFO - Req was made | /
4.11.2024, 19:43:18 - INFO - Req was made | /
4.11.2024, 19:43:29 - INFO - Req was made | /
4.11.2024, 19:43:35 - INFO - Req was made | /
4.11.2024, 19:44:59 - INFO - Req was made | /
4.11.2024, 19:44:59 - INFO - Req was made | /
4.11.2024, 19:44:59 - INFO - Req was made | /
4.11.2024, 19:45:02 - INFO - Req was made | /
4.11.2024, 19:45:02 - INFO - Req was made | /
4.11.2024, 19:45:02 - INFO - Req was made | /
4.11.2024, 19:46:06 - INFO - Req was made | /
4.11.2024, 19:46:06 - INFO - Req was made | /
4.11.2024, 19:46:06 - INFO - Req was made | /
4.11.2024, 19:46:14 - INFO - Req was made | /
4.11.2024, 19:46:27 - INFO - Req was made | /
4.11.2024, 19:49:09 - INFO - Req was made | /
4.11.2024, 19:51:36 - INFO - Req was made | /
4.11.2024, 19:51:36 - INFO - Req was made | /
4.11.2024, 19:51:38 - INFO - Req was made | /
4.11.2024, 19:51:38 - INFO - Req was made | /
4.11.2024, 19:51:39 - INFO - Req was made | /
4.11.2024, 19:51:46 - INFO - Req was made | /
4.11.2024, 20:03:45 - INFO - Req was made | /
4.11.2024, 20:03:52 - INFO - Req was made | /
4.11.2024, 20:03:57 - INFO - Req was made | /
4.11.2024, 20:04:16 - INFO - Req was made | /
4.11.2024, 20:04:28 - INFO - Req was made | /
4.11.2024, 20:04:50 - INFO - Req was made | /
4.11.2024, 20:05:19 - INFO - Req was made | /
4.11.2024, 20:05:21 - INFO - Req was made | /
4.11.2024, 20:05:21 - INFO - Req was made | /
4.11.2024, 20:05:22 - INFO - Req was made | /
4.11.2024, 20:06:07 - INFO - Req was made | /
4.11.2024, 20:06:27 - INFO - Req was made | /
4.11.2024, 20:06:34 - INFO - Req was made | /
4.11.2024, 20:07:10 - INFO - Req was made | /
4.11.2024, 20:09:33 - INFO - Req was made | /
4.11.2024, 20:10:28 - INFO - Req was made | /
4.11.2024, 20:12:58 - INFO - Req was made | /
4.11.2024, 20:13:07 - INFO - Req was made | /
4.11.2024, 20:14:01 - INFO - Req was made | /
4.11.2024, 20:15:16 - INFO - Req was made | /
4.11.2024, 20:15:16 - INFO - Req was made | /
4.11.2024, 20:15:16 - INFO - Req was made | /
4.11.2024, 20:16:36 - INFO - server.js loaded...
4.11.2024, 20:16:36 - INFO - Server is running on port: 3030
4.11.2024, 20:16:47 - WARN - Admin attempted to perform admin action
4.11.2024, 20:16:50 - INFO - Req was made | /
4.11.2024, 20:16:55 - DEBUG - auth.service - login with username: admin
4.11.2024, 20:16:55 - INFO - User login:  | {"_id":"6728ee90c516e4bc7b7ff46c","username":"admin","fullname":"Admin","score":0}
4.11.2024, 20:16:59 - INFO - Req was made | /
4.11.2024, 20:16:59 - INFO - Req was made | /
4.11.2024, 20:16:59 - INFO - Req was made | /
4.11.2024, 20:17:00 - WARN - Admin attempted to perform admin action
4.11.2024, 20:19:06 - INFO - server.js loaded...
4.11.2024, 20:19:06 - INFO - Server is running on port: 3030
4.11.2024, 20:19:07 - WARN - Admin attempted to perform admin action
4.11.2024, 20:19:11 - WARN - Admin attempted to perform admin action
4.11.2024, 20:19:40 - INFO - server.js loaded...
4.11.2024, 20:19:40 - INFO - Server is running on port: 3030
4.11.2024, 20:19:42 - WARN - Admin attempted to perform admin action
4.11.2024, 20:20:20 - INFO - server.js loaded...
4.11.2024, 20:20:20 - INFO - Server is running on port: 3030
4.11.2024, 20:20:22 - WARN - Admin attempted to perform admin action
4.11.2024, 20:22:22 - INFO - server.js loaded...
4.11.2024, 20:22:22 - INFO - Server is running on port: 3030
4.11.2024, 20:22:31 - DEBUG - auth.service - login with username: admin
4.11.2024, 20:22:31 - INFO - User login:  | {"_id":"6728ee90c516e4bc7b7ff46c","username":"admin","fullname":"Admin","score":0}
4.11.2024, 20:23:11 - INFO - server.js loaded...
4.11.2024, 20:23:11 - INFO - Server is running on port: 3030
4.11.2024, 20:23:20 - DEBUG - auth.service - login with username: admin
4.11.2024, 20:23:20 - INFO - User login:  | {"_id":"6728ee90c516e4bc7b7ff46c","username":"admin","fullname":"Admin","score":0}
4.11.2024, 20:24:15 - INFO - server.js loaded...
4.11.2024, 20:24:15 - INFO - Server is running on port: 3030
4.11.2024, 20:24:22 - DEBUG - auth.service - login with username: admin
4.11.2024, 20:24:22 - INFO - User login:  | {"_id":"6728ee90c516e4bc7b7ff46c","username":"admin","fullname":"Admin","score":0,"isAdmin":true}
4.11.2024, 20:24:31 - INFO - server.js loaded...
4.11.2024, 20:24:31 - INFO - Server is running on port: 3030
4.11.2024, 20:24:33 - INFO - Req was made | /
4.11.2024, 20:24:33 - INFO - Req was made | /
4.11.2024, 20:24:33 - INFO - Req was made | /
4.11.2024, 20:24:38 - INFO - server.js loaded...
4.11.2024, 20:24:38 - INFO - Server is running on port: 3030
4.11.2024, 20:26:48 - INFO - Req was made | /
4.11.2024, 20:26:48 - INFO - Req was made | /
4.11.2024, 20:26:48 - INFO - Req was made | /
4.11.2024, 20:26:54 - INFO - Req was made | /
4.11.2024, 20:26:54 - INFO - Req was made | /
4.11.2024, 20:26:54 - INFO - Req was made | /
4.11.2024, 20:42:42 - INFO - server.js loaded...
4.11.2024, 20:42:42 - INFO - Server is running on port: 3030
4.11.2024, 20:56:59 - INFO - server.js loaded...
4.11.2024, 20:56:59 - INFO - Server is running on port: 3030
4.11.2024, 20:57:06 - INFO - server.js loaded...
4.11.2024, 20:57:07 - INFO - Server is running on port: 3030
4.11.2024, 20:58:40 - INFO - server.js loaded...
4.11.2024, 20:58:40 - INFO - Server is running on port: 3030
4.11.2024, 20:59:53 - INFO - server.js loaded...
4.11.2024, 20:59:53 - INFO - Server is running on port: 3030
4.11.2024, 21:00:01 - INFO - server.js loaded...
4.11.2024, 21:00:01 - INFO - Server is running on port: 3030
4.11.2024, 21:00:08 - ERROR - Cannot add toy | BSONError: hex string must be 24 characters
4.11.2024, 21:00:08 - ERROR - Failed to update toy | BSONError: hex string must be 24 characters
4.11.2024, 21:00:53 - INFO - server.js loaded...
4.11.2024, 21:00:53 - INFO - Server is running on port: 3030
4.11.2024, 21:00:59 - ERROR - Failed to update toy | BSONError: hex string must be 24 characters
4.11.2024, 21:00:59 - ERROR - Cannot add msg | BSONError: hex string must be 24 characters
4.11.2024, 21:01:43 - INFO - server.js loaded...
4.11.2024, 21:01:43 - INFO - Server is running on port: 3030
4.11.2024, 21:01:57 - INFO - server.js loaded...
4.11.2024, 21:01:57 - INFO - Server is running on port: 3030
4.11.2024, 21:03:17 - INFO - server.js loaded...
4.11.2024, 21:03:17 - INFO - Server is running on port: 3030
4.11.2024, 21:03:21 - ERROR - Cannot add msg | BSONError: hex string must be 24 characters
4.11.2024, 21:03:21 - ERROR - Failed to update toy | BSONError: hex string must be 24 characters
4.11.2024, 21:06:44 - INFO - server.js loaded...
4.11.2024, 21:06:44 - INFO - Server is running on port: 3030
4.11.2024, 21:06:58 - INFO - Req was made | /
4.11.2024, 21:06:58 - INFO - Req was made | /
4.11.2024, 21:06:58 - INFO - Req was made | /
4.11.2024, 21:08:48 - INFO - server.js loaded...
4.11.2024, 21:08:48 - INFO - Server is running on port: 3030
4.11.2024, 21:12:34 - INFO - server.js loaded...
4.11.2024, 21:12:34 - INFO - Server is running on port: 3030
4.11.2024, 21:14:50 - DEBUG - auth.service - login with username: admin
4.11.2024, 21:14:50 - INFO - User login:  | {"_id":"6728ee90c516e4bc7b7ff46c","username":"admin","fullname":"Admin","score":0,"isAdmin":true}
4.11.2024, 21:15:13 - INFO - server.js loaded...
4.11.2024, 21:15:13 - INFO - Server is running on port: 3030
4.11.2024, 21:16:26 - INFO - server.js loaded...
4.11.2024, 21:16:26 - INFO - Server is running on port: 3030
4.11.2024, 21:17:14 - INFO - server.js loaded...
4.11.2024, 21:17:14 - INFO - Server is running on port: 3030
4.11.2024, 21:17:45 - INFO - server.js loaded...
4.11.2024, 21:17:45 - INFO - Server is running on port: 3030
4.11.2024, 21:18:58 - INFO - server.js loaded...
4.11.2024, 21:18:58 - INFO - Server is running on port: 3030
4.11.2024, 21:19:22 - INFO - server.js loaded...
4.11.2024, 21:19:22 - INFO - Server is running on port: 3030
4.11.2024, 21:20:00 - INFO - server.js loaded...
4.11.2024, 21:20:00 - INFO - Server is running on port: 3030
4.11.2024, 21:20:12 - INFO - server.js loaded...
4.11.2024, 21:20:12 - INFO - Server is running on port: 3030
4.11.2024, 21:20:49 - INFO - server.js loaded...
4.11.2024, 21:20:49 - INFO - Server is running on port: 3030
4.11.2024, 21:20:55 - INFO - server.js loaded...
4.11.2024, 21:20:55 - INFO - Server is running on port: 3030
4.11.2024, 21:21:04 - INFO - server.js loaded...
4.11.2024, 21:21:04 - INFO - Server is running on port: 3030
4.11.2024, 21:21:07 - ERROR - Failed to update toy | ReferenceError: toy is not defined
4.11.2024, 21:21:38 - ERROR - Failed to update toy | ReferenceError: toy is not defined
4.11.2024, 21:22:11 - INFO - server.js loaded...
4.11.2024, 21:22:11 - INFO - Server is running on port: 3030
4.11.2024, 21:22:34 - INFO - server.js loaded...
4.11.2024, 21:22:34 - INFO - Server is running on port: 3030
4.11.2024, 21:22:36 - ERROR - Failed to add msg | ReferenceError: toy is not defined
4.11.2024, 21:22:41 - INFO - server.js loaded...
4.11.2024, 21:22:41 - INFO - Server is running on port: 3030
4.11.2024, 21:23:14 - INFO - server.js loaded...
4.11.2024, 21:23:14 - INFO - Server is running on port: 3030
4.11.2024, 21:23:17 - ERROR - Failed to add msg | ReferenceError: toy is not defined
4.11.2024, 21:25:52 - INFO - server.js loaded...
4.11.2024, 21:25:52 - INFO - Server is running on port: 3030
4.11.2024, 21:26:23 - INFO - server.js loaded...
4.11.2024, 21:26:23 - INFO - Server is running on port: 3030
4.11.2024, 21:26:32 - INFO - server.js loaded...
4.11.2024, 21:26:32 - INFO - Server is running on port: 3030
4.11.2024, 21:26:36 - INFO - server.js loaded...
4.11.2024, 21:26:36 - INFO - Server is running on port: 3030
4.11.2024, 21:27:01 - INFO - server.js loaded...
4.11.2024, 21:27:01 - INFO - Server is running on port: 3030
4.11.2024, 21:28:03 - INFO - server.js loaded...
4.11.2024, 21:28:03 - INFO - Server is running on port: 3030
